<?xml version="1.0" encoding="UTF-8"?>
<!-- Generated by org.testng.reporters.JUnitReportReporter -->
<testsuite hostname="DESKTOP-NDNPPD5" failures="0" tests="1" name="TestSuites.TestHRM" time="10.827" errors="0" timestamp="2023-12-07T12:42:28 IST" skipped="0">
  <testcase classname="TestSuites.TestHRM" name="testCases" time="10.827"/>
</testsuite> <!-- TestSuites.TestHRM -->
