<?xml version="1.0" encoding="UTF-8"?>
<!-- Generated by org.testng.reporters.JUnitReportReporter -->
<testsuite hostname="LAPTOP-6FESK5CG" failures="0" tests="1" name="TestSuites.timesheet" time="66.899" errors="0" timestamp="05 Mar 2023 03:44:59 GMT" skipped="0">
  <testcase classname="TestSuites.timesheet" name="testCases" time="66.899"/>
</testsuite> <!-- TestSuites.timesheet -->
