<?xml version="1.0" encoding="UTF-8"?>
<!-- Generated by org.testng.reporters.JUnitReportReporter -->
<testsuite hostname="DESKTOP-NDNPPD5" failures="0" tests="1" name="TestSuites.TestHRM" time="11.408" errors="0" timestamp="2023-12-06T00:10:19 IST" skipped="0">
  <testcase classname="TestSuites.TestHRM" name="testCases" time="11.408"/>
</testsuite> <!-- TestSuites.TestHRM -->
