<?xml version="1.0" encoding="UTF-8"?>
<!-- Generated by org.testng.reporters.JUnitReportReporter -->
<testsuite skipped="0" hostname="LTIN214100" name="TestSuites.TestHRM" tests="1" failures="0" timestamp="05 Dec 2023 15:42:26 GMT" time="32.152" errors="0">
  <testcase name="testCases" time="32.152" classname="TestSuites.TestHRM"/>
</testsuite> <!-- TestSuites.TestHRM -->
